E13|IOBS_205_252|BANK0|DIFFIO_B0_30N|||
A15|IOBS_213_252|BANK0|DIFFIO_B0_31N|||
C14|IOBS_221_252|BANK0|DIFFIO_B0_32N|||
A16|IOBS_225_252|BANK0|DIFFIO_B0_33N|||
C11|IOBS_125_252|BANK0|DIFFIO_B0_17N/GCLK14/PLL0_CLK5/PLL1_CLK5|||
A10|IOBS_129_252|BANK0|DIFFIO_B0_18N/GCLK12/PLL0_CLK7/PLL1_CLK7|||
C9|IOBS_113_252|BANK0|DIFFIO_B0_15N/GCLK18/PLL0_CLK1/PLL1_CLK1|||
C8|IOBS_97_252|BANK0|DIFFIO_B0_13N|||
A8|IOBS_109_252|BANK0|DIFFIO_B0_14N|||
A2|IOBS_21_252|BANK0|DIFFIO_B0_1N|||
C6|IOBS_29_252|BANK0|DIFFIO_B0_2N|||
A3|IOBS_37_252|BANK0|DIFFIO_B0_3N|||
A4|IOBS_45_252|BANK0|DIFFIO_B0_4N|||
A5|IOBS_49_252|BANK0|DIFFIO_B0_5N|||
A7|IOBS_61_252|BANK0|DIFFIO_B0_6N|||
A9|IOBS_121_252|BANK0|DIFFIO_B0_16N/GCLK16/PLL0_CLK3/PLL1_CLK3/XTALB_B0|||
A11|IOBS_145_252|BANK0|DIFFIO_B0_20N|||
F10|IOBS_149_252|BANK0|DIFFIO_B0_21N|||
A12|IOBS_153_252|BANK0|DIFFIO_B0_22N|||
E11|IOBS_161_252|BANK0|DIFFIO_B0_23N|||
C12|IOBS_165_252|BANK0|DIFFIO_B0_24N|||
A13|IOBS_185_252|BANK0|DIFFIO_B0_27N|||
E12|IOBS_193_252|BANK0|DIFFIO_B0_28N|||
F13|IOBD_204_252|BANK0|DIFFIO_B0_30P|||
C15|IOBD_212_252|BANK0|DIFFIO_B0_31P|||
D14|IOBD_220_252|BANK0|DIFFIO_B0_32P|||
B16|IOBD_224_252|BANK0|DIFFIO_B0_33P|||
G9|IOBD_132_252|BANK0|DIFFIO_B0_19P|||
D11|IOBD_124_252|BANK0|DIFFIO_B0_17P/GCLK15/PLL0_CLK4/PLL1_CLK4|||
C10|IOBD_128_252|BANK0|DIFFIO_B0_18P/GCLK13/PLL0_CLK6/PLL1_CLK6|||
B9|IOBD_120_252|BANK0|DIFFIO_B0_16P/GCLK17/PLL0_CLK2/PLL1_CLK2/XTALA_B0|||
D8|IOBD_96_252|BANK0|DIFFIO_B0_13P|||
B8|IOBD_108_252|BANK0|DIFFIO_B0_14P|||
B6|IOBD_64_252|BANK0|DIFFIO_B0_7P|||
B2|IOBD_20_252|BANK0|DIFFIO_B0_1P|||
D6|IOBD_28_252|BANK0|DIFFIO_B0_2P|||
B3|IOBD_36_252|BANK0|DIFFIO_B0_3P|||
B4|IOBD_44_252|BANK0|DIFFIO_B0_4P|||
C5|IOBD_48_252|BANK0|DIFFIO_B0_5P|||
C7|IOBD_60_252|BANK0|DIFFIO_B0_6P|||
D4|IOBD_16_252|BANK0|DIFFIO_B0_0P/IO_STATUS_C|||
D9|IOBD_112_252|BANK0|DIFFIO_B0_15P/GCLK19/PLL0_CLK0/PLL1_CLK0|||
B11|IOBD_144_252|BANK0|DIFFIO_B0_20P|||
G11|IOBD_148_252|BANK0|DIFFIO_B0_21P|||
B12|IOBD_152_252|BANK0|DIFFIO_B0_22P|||
F11|IOBD_160_252|BANK0|DIFFIO_B0_23P|||
D12|IOBD_164_252|BANK0|DIFFIO_B0_24P|||
C13|IOBD_184_252|BANK0|DIFFIO_B0_27P|||
F12|IOBD_192_252|BANK0|DIFFIO_B0_28P|||
B14|IOBD_196_252|BANK0|DIFFIO_B0_29P|||
F9|IOBR_133_252|BANK0|DIFFIO_B0_19N/VREF_B0|||
A6|IOBR_65_252|BANK0|DIFFIO_B0_7N/VREF_B0|||
C4|IOBR_17_252|BANK0|DIFFIO_B0_0N/VREF_B0|||
A14|IOBR_197_252|BANK0|DIFFIO_B0_29N/VREF_B0|||
P15|IOBS_244_9|BANK1|DIFFI_B1_39P|||
L14|IOBS_244_21|BANK1|DIFFI_B1_36P|||
M14|IOBS_244_41|BANK1|DIFFI_B1_33P|led|output|YES
U17|IOBS_244_45|BANK1|DIFFI_B1_32P|||
T17|IOBS_244_49|BANK1|DIFFI_B1_31P|||
N15|IOBS_244_53|BANK1|DIFFI_B1_30P|||
P17|IOBS_244_77|BANK1|DIFFI_B1_29P|||
N17|IOBS_244_81|BANK1|DIFFI_B1_28P|||
M16|IOBS_244_89|BANK1|DIFFI_B1_26P|||
L17|IOBS_244_93|BANK1|DIFFI_B1_25P|||
K17|IOBS_244_105|BANK1|DIFFI_B1_24P|||
J16|IOBS_244_109|BANK1|DIFFI_B1_23P|||
H17|IOBS_244_113|BANK1|DIFFI_B1_22P/GCLK5/PLL2_CLK10/PLL3_CLK10|||
L15|IOBS_244_117|BANK1|DIFFI_B1_21P/GCLK7/PLL2_CLK8/PLL3_CLK8|||
D17|IOBS_244_201|BANK1|DIFFI_B1_9P|||
F14|IOBS_244_205|BANK1|DIFFI_B1_8P|||
C17|IOBS_244_209|BANK1|DIFFI_B1_7P|||
F15|IOBS_244_245|BANK1|DIFFI_B1_0P|||
K15|IOBS_244_133|BANK1|DIFFI_B1_19P/GCLK9/PLL0_CLK10/PLL1_CLK10/XTALA_B1|||
L12|IOBS_244_137|BANK1|DIFFI_B1_18P/GCLK11/PLL0_CLK8/PLL1_CLK8|||
J13|IOBS_244_141|BANK1|DIFFI_B1_17P|||
G16|IOBS_244_145|BANK1|DIFFI_B1_16P|||
H15|IOBS_244_149|BANK1|DIFFI_B1_15P|||
H13|IOBS_244_161|BANK1|DIFFI_B1_14P|||
F17|IOBS_244_165|BANK1|DIFFI_B1_13P|||
K12|IOBS_244_169|BANK1|DIFFI_B1_12P|||
E16|IOBS_244_173|BANK1|DIFFI_B1_11P|||
H12|IOBS_244_177|BANK1|DIFFI_B1_10P|||
N14|IOBR_244_40|BANK1|DIFFI_B1_33N/VREF_B1|||
F16|IOBR_244_244|BANK1|DIFFI_B1_0N/VREF_B1|||
M13|IOBS_244_20|BANK1|DIFFI_B1_36N|||
U18|IOBS_244_44|BANK1|DIFFI_B1_32N|||
T18|IOBS_244_48|BANK1|DIFFI_B1_31N|||
N16|IOBS_244_52|BANK1|DIFFI_B1_30N|||
P18|IOBS_244_76|BANK1|DIFFI_B1_29N|||
N18|IOBS_244_80|BANK1|DIFFI_B1_28N|||
M18|IOBS_244_88|BANK1|DIFFI_B1_26N|||
L18|IOBS_244_92|BANK1|DIFFI_B1_25N|||
K18|IOBS_244_104|BANK1|DIFFI_B1_24N|||
J18|IOBS_244_108|BANK1|DIFFI_B1_23N|||
H18|IOBS_244_112|BANK1|DIFFI_B1_22N/GCLK4/PLL2_CLK11/PLL3_CLK11|||
L16|IOBS_244_116|BANK1|DIFFI_B1_21N/GCLK6/PLL2_CLK9/PLL3_CLK9|||
D18|IOBS_244_200|BANK1|DIFFI_B1_9N|||
G14|IOBS_244_204|BANK1|DIFFI_B1_8N|||
C18|IOBS_244_208|BANK1|DIFFI_B1_7N|||
K16|IOBS_244_132|BANK1|DIFFI_B1_19N/GCLK8/PLL0_CLK11/PLL1_CLK11/XTALB_B1|||
L13|IOBS_244_136|BANK1|DIFFI_B1_18N/GCLK10/PLL0_CLK9/PLL1_CLK9|||
K14|IOBS_244_140|BANK1|DIFFI_B1_17N|||
G18|IOBS_244_144|BANK1|DIFFI_B1_16N|||
H16|IOBS_244_148|BANK1|DIFFI_B1_15N|||
H14|IOBS_244_160|BANK1|DIFFI_B1_14N|||
F18|IOBS_244_164|BANK1|DIFFI_B1_13N|||
K13|IOBS_244_168|BANK1|DIFFI_B1_12N|||
E18|IOBS_244_172|BANK1|DIFFI_B1_11N|||
G13|IOBS_244_176|BANK1|DIFFI_B1_10N|||
P16|IOBS_244_8|BANK1|DIFFI_B1_39N/DOUT_BUSY|||
T11|IOBR_184_0|BANK2|DIFFIO_B2_30N/VREF_B2|||
T5|IOBR_76_0|BANK2|DIFFIO_B2_12N/RWSEL/VREF_B2|||
V8|IOBR_120_0|BANK2|DIFFIO_B2_19N/VREF_B2|||
N11|IOBS_192_0|BANK2|DIFFIO_B2_31N|||
V13|IOBS_196_0|BANK2|DIFFIO_B2_32N/D12|||
P12|IOBS_204_0|BANK2|DIFFIO_B2_33N/D10|||
V14|IOBS_212_0|BANK2|DIFFIO_B2_34N/D2|||
V15|IOBS_220_0|BANK2|DIFFIO_B2_36N|||
T13|IOBS_224_0|BANK2|DIFFIO_B2_37N/CS_N|||
V16|IOBS_228_0|BANK2|DIFFIO_B2_38N|||
T15|IOBS_232_0|BANK2|DIFFIO_B2_39N/MODE_0|||
V9|IOBS_128_0|BANK2|DIFFIO_B2_21N/GCLK28/PLL2_CLK0/PLL3_CLK0/XTALA_B2|||
T8|IOBS_132_0|BANK2|DIFFIO_B2_22N/GCLK30/D15/PLL2_CLK2/PLL3_CLK2|||
V10|IOBS_144_0|BANK2|DIFFIO_B2_23N/GCLK0/ECCLK/PLL2_CLK4/PLL3_CLK4|||
T10|IOBS_148_0|BANK2|DIFFIO_B2_24N/GCLK2/PLL2_CLK6/PLL3_CLK6|||
V11|IOBS_152_0|BANK2|DIFFIO_B2_25N|||
N9|IOBS_160_0|BANK2|DIFFIO_B2_26N|||
P11|IOBS_176_0|BANK2|DIFFIO_B2_28N|||
V12|IOBS_180_0|BANK2|DIFFIO_B2_29N|||
N8|IOBS_124_0|BANK2|DIFFIO_B2_20N|||
P7|IOBS_80_0|BANK2|DIFFIO_B2_13N|||
T7|IOBS_88_0|BANK2|DIFFIO_B2_14N|||
V6|IOBS_92_0|BANK2|DIFFIO_B2_15N|||
P8|IOBS_96_0|BANK2|DIFFIO_B2_16N|||
V7|IOBS_108_0|BANK2|DIFFIO_B2_17N|||
V3|IOBS_8_0|BANK2|DIFFIO_B2_0N/CSO_N/MFG_TEST_OUT|||
P6|IOBS_12_0|BANK2|DIFFIO_B2_1N/D9|||
V4|IOBS_16_0|BANK2|DIFFIO_B2_2N|||
T3|IOBS_20_0|BANK2|DIFFIO_B2_3N/D6|||
V5|IOBS_68_0|BANK2|DIFFIO_B2_11N/D4|||
M11|IOBD_193_0|BANK2|DIFFIO_B2_31P|||
U13|IOBD_197_0|BANK2|DIFFIO_B2_32P/D11|||
N12|IOBD_205_0|BANK2|DIFFIO_B2_33P/MODE_1|||
T14|IOBD_213_0|BANK2|DIFFIO_B2_34P/D1|||
U15|IOBD_221_0|BANK2|DIFFIO_B2_36P|||
R13|IOBD_225_0|BANK2|DIFFIO_B2_37P/D0|||
U16|IOBD_229_0|BANK2|DIFFIO_B2_38P|||
R15|IOBD_233_0|BANK2|DIFFIO_B2_39P/CFG_CLK|||
R11|IOBD_185_0|BANK2|DIFFIO_B2_30P|||
T9|IOBD_129_0|BANK2|DIFFIO_B2_21P/GCLK29/PLL2_CLK1/PLL3_CLK1/XTALB_B2|||
R8|IOBD_133_0|BANK2|DIFFIO_B2_22P/GCLK31/D14/PLL2_CLK3/PLL3_CLK3|||
U10|IOBD_145_0|BANK2|DIFFIO_B2_23P/GCLK1/D13/PLL2_CLK5/PLL3_CLK5|||
R10|IOBD_149_0|BANK2|DIFFIO_B2_24P/GCLK3/PLL2_CLK7/PLL3_CLK7|||
U11|IOBD_153_0|BANK2|DIFFIO_B2_25P|||
M10|IOBD_161_0|BANK2|DIFFIO_B2_26P|||
N10|IOBD_177_0|BANK2|DIFFIO_B2_28P|||
T12|IOBD_181_0|BANK2|DIFFIO_B2_29P|||
M8|IOBD_125_0|BANK2|DIFFIO_B2_20P|||
U8|IOBD_121_0|BANK2|DIFFIO_B2_19P|||
N6|IOBD_81_0|BANK2|DIFFIO_B2_13P|||
R7|IOBD_89_0|BANK2|DIFFIO_B2_14P|||
T6|IOBD_93_0|BANK2|DIFFIO_B2_15P|||
N7|IOBD_97_0|BANK2|DIFFIO_B2_16P|||
U7|IOBD_109_0|BANK2|DIFFIO_B2_17P|||
R5|IOBD_77_0|BANK2|DIFFIO_B2_12P/D7|||
U3|IOBD_9_0|BANK2|DIFFIO_B2_0P/INIT_FLAG_N|||
N5|IOBD_13_0|BANK2|DIFFIO_B2_1P/D8|key|input|YES
T4|IOBD_17_0|BANK2|DIFFIO_B2_2P|||
R3|IOBD_21_0|BANK2|DIFFIO_B2_3P/D5|||
U5|IOBD_69_0|BANK2|DIFFIO_B2_11P/D3|||
U2|IOBS_0_44|BANK3|DIFFI_B3_32P|||
T2|IOBS_0_48|BANK3|DIFFI_B3_31P|||
P2|IOBS_0_52|BANK3|DIFFI_B3_30P|||
N2|IOBS_0_76|BANK3|DIFFI_B3_29P|||
M3|IOBS_0_80|BANK3|DIFFI_B3_28P|||
L2|IOBS_0_88|BANK3|DIFFI_B3_26P|||
K2|IOBS_0_92|BANK3|DIFFI_B3_25P|||
L4|IOBS_0_104|BANK3|DIFFI_B3_24P|||
J3|IOBS_0_108|BANK3|DIFFI_B3_23P|||
H2|IOBS_0_112|BANK3|DIFFI_B3_22P/GCLK27/PLL2_CLK15/PLL3_CLK15|||
K4|IOBS_0_116|BANK3|DIFFI_B3_21P/GCLK25/PLL2_CLK13/PLL3_CLK13|||
C2|IOBS_0_244|BANK3|DIFFI_B3_0P|||
N4|IOBS_0_8|BANK3|DIFFI_B3_39P|||
L5|IOBS_0_132|BANK3|DIFFI_B3_19P/GCLK23/PLL0_CLK15/PLL1_CLK15/XTALB_B3|||
H4|IOBS_0_136|BANK3|DIFFI_B3_18P/GCLK21/PLL0_CLK13/PLL1_CLK13|||
L7|IOBS_0_140|BANK3|DIFFI_B3_17P|||
G3|IOBS_0_144|BANK3|DIFFI_B3_16P|||
J7|IOBS_0_148|BANK3|DIFFI_B3_15P|||
F2|IOBS_0_160|BANK3|DIFFI_B3_14P|||
H6|IOBS_0_164|BANK3|DIFFI_B3_13P|||
E3|IOBS_0_168|BANK3|DIFFI_B3_12P|||
F4|IOBS_0_172|BANK3|DIFFI_B3_11P|||
D2|IOBS_0_176|BANK3|DIFFI_B3_10P|||
L6|IOBS_0_40|BANK3|DIFFI_B3_33P|||
P4|IOBS_0_12|BANK3|DIFFI_B3_38P|||
H7|IOBS_0_200|BANK3|DIFFI_B3_9P|||
E4|IOBS_0_204|BANK3|DIFFI_B3_8P|||
F6|IOBS_0_208|BANK3|DIFFI_B3_7P|||
N3|IOBR_0_9|BANK3|DIFFI_B3_39N/VREF_B3|||
M5|IOBR_0_41|BANK3|DIFFI_B3_33N/VREF_B3|||
C1|IOBR_0_245|BANK3|DIFFI_B3_0N/VREF_B3|||
U1|IOBS_0_45|BANK3|DIFFI_B3_32N|||
T1|IOBS_0_49|BANK3|DIFFI_B3_31N|||
P1|IOBS_0_53|BANK3|DIFFI_B3_30N|||
N1|IOBS_0_77|BANK3|DIFFI_B3_29N|||
M1|IOBS_0_81|BANK3|DIFFI_B3_28N|||
L1|IOBS_0_89|BANK3|DIFFI_B3_26N|||
K1|IOBS_0_93|BANK3|DIFFI_B3_25N|||
L3|IOBS_0_105|BANK3|DIFFI_B3_24N|||
J1|IOBS_0_109|BANK3|DIFFI_B3_23N|||
H1|IOBS_0_113|BANK3|DIFFI_B3_22N/GCLK26/PLL2_CLK14/PLL3_CLK14|||
K3|IOBS_0_117|BANK3|DIFFI_B3_21N/GCLK24/PLL2_CLK12/PLL3_CLK12|||
K5|IOBS_0_133|BANK3|DIFFI_B3_19N/GCLK22/PLL0_CLK14/PLL1_CLK14/XTALA_B3|||
H3|IOBS_0_137|BANK3|DIFFI_B3_18N/GCLK20/PLL0_CLK12/PLL1_CLK12|||
K6|IOBS_0_141|BANK3|DIFFI_B3_17N|||
G1|IOBS_0_145|BANK3|DIFFI_B3_16N|||
J6|IOBS_0_149|BANK3|DIFFI_B3_15N|||
F1|IOBS_0_161|BANK3|DIFFI_B3_14N|||
H5|IOBS_0_165|BANK3|DIFFI_B3_13N|||
E1|IOBS_0_169|BANK3|DIFFI_B3_12N|||
F3|IOBS_0_173|BANK3|DIFFI_B3_11N|||
D1|IOBS_0_177|BANK3|DIFFI_B3_10N|||
G6|IOBS_0_201|BANK3|DIFFI_B3_9N|||
D3|IOBS_0_205|BANK3|DIFFI_B3_8N|||
F5|IOBS_0_209|BANK3|DIFFI_B3_7N|||
P3|IOBS_0_13|BANK3|DIFFI_B3_38N|||
